2017-05-15 17:47:09 [ main:0 ] - [ INFO ] Spider www.toutiao.com started!
2017-05-15 17:47:09 [ pool-1-thread-1:2 ] - [ INFO ] downloading page http://www.toutiao.com/api/pc/feed/?category=news_hot&utm_source=toutiao&widen=1&max_behot_time=0&max_behot_time_tmp=0&tadrequire=true&as=A1E559112451042&cp=5914511014B23E1
2017-05-15 17:47:09 [ pool-1-thread-1:639 ] - [ WARN ] Charset autodetect failed, use UTF-8 as charset. Please specify charset in Site.setCharset()
2017-05-15 17:47:10 [ pool-1-thread-1:665 ] - [ ERROR ] invalid path>>>> {"comment_count":0,"label_style":3,"source_icon_style":3,"aggr_type":1,"source":"钱坤股票","behot_time":1494839829,"cell_flag":10,"source_url":"http:\/\/dytz.dyjr88.com\/template\/html\/1e\/590157d25c61e.html","is_feed_ad":true,"publish_time":1493263876,"tag_id":6413519513735659777,"tip":0,"tag":"ad","large_image_list":[],"read_count":59448,"user_verified":0,"level":0,"ad_label":"广告","article_alt_url":"http:\/\/toutiao.com\/group\/article\/6413519513735659777\/","has_m3u8_video":0,"natant_level":2,"user_repin":0,"ad_id":59493695397,"item_version":0,"digg_count":0,"ignore_web_transform":1,"share_url":"http:\/\/toutiao.com\/group\/6413519513735659777\/?iid=0&app=news_article","article_genre":"ad","cursor":1494839829999,"display_url":"http:\/\/dytz.dyjr88.com\/template\/html\/1e\/590157d25c61e.html","gallary_image_count":3,"cell_layout_style":1,"display_info":"万万没想到，本地居然有这么好的微信投资交流平台","title":"万万没想到，北京居然有这么好的微信投资交流平台","hot":0,"has_video":false,"log_extra":"{\"rit\": 1, \"convert_id\": 0, \"req_id\": \"20170515174709172017037002512EFA\", \"ad_price\": \"WRdluAAMce1ZF2W4AAxx7XCSIs7OEHCUcaybRw\"}","ban_comment":1,"article_sub_type":0,"has_image":false,"bury_count":0,"preload_web":0,"cell_type":0,"verified_content":"","more_mode":true,"article_type":1,"action_list":[{"extra":{},"action":1,"desc":""},{"extra":{},"action":3,"desc":""},{"extra":{},"action":7,"desc":""},{"extra":{},"action":9,"desc":""}],"item_id":6413519513735659777,"source_open_url":"sslocal:\/\/search?from=channel_source&keyword=%E9%92%B1%E5%9D%A4%E8%82%A1%E7%A5%A8","abstract":"","label":"广告","article_url":"http:\/\/dytz.dyjr88.com\/template\/html\/1e\/590157d25c61e.html","url":"http:\/\/dytz.dyjr88.com\/template\/html\/1e\/590157d25c61e.html","filter_words":[{"is_selected":false,"name":"金融保险","id":"1:6"},{"is_selected":false,"name":"股票","id":"1:74"},{"is_selected":false,"name":"来源:钱坤股票","id":"2:0"},{"is_selected":false,"name":"看过了","id":"4:2"}],"group_id":"6413519513735659777","has_mp4_video":0,"middle_image":{},"video_style":0,"tag_url":"search\/?keyword=None","has_gallery":true,"expire_seconds":314212117,"single_mode":false,"image_list":[{"url_list":[{"url":"http:\/\/p3.pstatp.com\/list\/1db100153cb5e34506f1"},{"url":"http:\/\/pb9.pstatp.com\/list\/1db100153cb5e34506f1"},{"url":"http:\/\/pb1.pstatp.com\/list\/1db100153cb5e34506f1"}],"width":228,"uri":"list\/1db100153cb5e34506f1","pc_url":"http:\/\/p3.pstatp.com\/list\/190x124\/1db100153cb5e34506f1","url":"http:\/\/p3.pstatp.com\/list\/190x124\/1db100153cb5e34506f1","height":128},{"url_list":[{"url":"http:\/\/p3.pstatp.com\/list\/1c1b0019c0c03c86dfd4"},{"url":"http:\/\/pb9.pstatp.com\/list\/1c1b0019c0c03c86dfd4"},{"url":"http:\/\/pb1.pstatp.com\/list\/1c1b0019c0c03c86dfd4"}],"width":228,"uri":"list\/1c1b0019c0c03c86dfd4","pc_url":"http:\/\/p3.pstatp.com\/list\/190x124\/1c1b0019c0c03c86dfd4","url":"http:\/\/p3.pstatp.com\/list\/190x124\/1c1b0019c0c03c86dfd4","height":128},{"url_list":[{"url":"http:\/\/p1.pstatp.com\/list\/1dd4000d35707f147306"},{"url":"http:\/\/pb3.pstatp.com\/list\/1dd4000d35707f147306"},{"url":"http:\/\/pb9.pstatp.com\/list\/1dd4000d35707f147306"}],"width":228,"uri":"list\/1dd4000d35707f147306","pc_url":"http:\/\/p1.pstatp.com\/list\/190x124\/1dd4000d35707f147306","url":"http:\/\/p1.pstatp.com\/list\/190x124\/1dd4000d35707f147306","height":128}]}
2017-05-15 17:47:11 [ pool-1-thread-1:1671 ] - [ INFO ] downloading page http://www.toutiao.com/a6419981716484555010/
2017-05-15 17:47:11 [ pool-1-thread-2:1674 ] - [ INFO ] downloading page http://www.toutiao.com/c/user/4377795668/
2017-05-15 17:47:12 [ pool-1-thread-1:3003 ] - [ INFO ] downloading page http://www.toutiao.com/c/user/5806115967/
2017-05-15 17:47:20 [ pool-1-thread-2:10658 ] - [ INFO ] downloading page http://www.toutiao.com/a6420224996764811777/
2017-05-15 17:47:22 [ pool-1-thread-1:12653 ] - [ INFO ] downloading page http://www.toutiao.com/c/user/4492956276/
2017-05-15 17:47:22 [ pool-1-thread-2:12661 ] - [ INFO ] downloading page http://www.toutiao.com/a6419994788703551746/
2017-05-15 17:47:23 [ pool-1-thread-2:14060 ] - [ INFO ] downloading page http://www.toutiao.com/a6419999194781614337/
2017-05-15 17:47:24 [ pool-1-thread-2:15370 ] - [ INFO ] downloading page http://www.toutiao.com/c/user/3582660809/
2017-05-15 17:47:26 [ pool-1-thread-1:17379 ] - [ INFO ] downloading page http://www.toutiao.com/a6419967176400273665/
2017-05-15 17:47:28 [ pool-1-thread-1:18694 ] - [ INFO ] downloading page http://www.toutiao.com/c/user/5003463346/
2017-05-15 17:47:31 [ pool-1-thread-2:22625 ] - [ INFO ] downloading page http://www.toutiao.com/a6420253793325531393/
2017-05-15 17:47:33 [ pool-1-thread-1:23844 ] - [ INFO ] downloading page http://www.toutiao.com/api/comment/list/?group_id=6419967176400273665&item_id=6419985313787019778&offset=0&count=20
2017-05-15 17:47:33 [ pool-1-thread-1:24009 ] - [ WARN ] Charset autodetect failed, use UTF-8 as charset. Please specify charset in Site.setCharset()
2017-05-15 17:47:33 [ pool-1-thread-2:24397 ] - [ INFO ] downloading page http://www.toutiao.com/api/comment/list/?group_id=6420253793325531393&item_id=6420273673143321089&offset=0&count=20
2017-05-15 17:47:33 [ pool-1-thread-2:24620 ] - [ WARN ] Charset autodetect failed, use UTF-8 as charset. Please specify charset in Site.setCharset()
2017-05-15 17:47:34 [ pool-1-thread-1:25033 ] - [ INFO ] downloading page http://www.toutiao.com/c/user/58712669320/
2017-05-15 17:47:34 [ pool-1-thread-2:25640 ] - [ INFO ] downloading page http://www.toutiao.com/c/user/4304589011/
2017-05-15 17:47:40 [ pool-1-thread-2:30821 ] - [ INFO ] downloading page http://www.toutiao.com/c/user/3083966643/
2017-05-15 17:47:41 [ pool-1-thread-1:32021 ] - [ INFO ] downloading page http://www.toutiao.com/c/user/53097130092/
2017-05-15 17:47:47 [ pool-1-thread-2:37910 ] - [ INFO ] downloading page http://www.toutiao.com/c/user/59940331582/
2017-05-15 17:47:48 [ pool-1-thread-1:38749 ] - [ INFO ] downloading page http://www.toutiao.com/c/user/1758242828/
2017-05-15 17:47:54 [ pool-1-thread-2:44771 ] - [ INFO ] downloading page http://www.toutiao.com/c/user/52257239969/
2017-05-15 17:47:57 [ pool-1-thread-1:48374 ] - [ INFO ] downloading page http://www.toutiao.com/c/user/52619257178/
2017-05-15 17:48:03 [ pool-1-thread-2:54510 ] - [ INFO ] downloading page http://www.toutiao.com/c/user/13953002395/
2017-05-15 17:48:04 [ pool-1-thread-1:55144 ] - [ INFO ] downloading page http://www.toutiao.com/c/user/51081382721/
2017-05-15 17:48:10 [ pool-1-thread-2:61126 ] - [ INFO ] downloading page http://www.toutiao.com/c/user/51412945793/
2017-05-15 17:48:11 [ pool-1-thread-1:62105 ] - [ INFO ] downloading page http://www.toutiao.com/c/user/4427610435/
2017-05-15 17:48:15 [ pool-1-thread-2:66320 ] - [ INFO ] downloading page http://www.toutiao.com/c/user/59947748315/
2017-05-15 17:48:18 [ pool-1-thread-1:69403 ] - [ INFO ] downloading page http://www.toutiao.com/c/user/1290203766/
2017-05-15 17:48:22 [ pool-1-thread-2:73224 ] - [ INFO ] downloading page http://www.toutiao.com/c/user/54989825426/
2017-05-15 17:48:24 [ pool-1-thread-1:75550 ] - [ INFO ] downloading page http://www.toutiao.com/c/user/55884685263/
2017-05-15 17:48:27 [ pool-1-thread-2:78298 ] - [ INFO ] downloading page http://www.toutiao.com/c/user/21882465723/
2017-05-15 17:48:29 [ pool-1-thread-1:80368 ] - [ INFO ] downloading page http://www.toutiao.com/c/user/1158618104/
2017-05-15 17:48:34 [ pool-1-thread-2:85590 ] - [ INFO ] downloading page http://www.toutiao.com/c/user/53889149077/
2017-05-15 17:48:41 [ pool-1-thread-2:92069 ] - [ INFO ] downloading page http://www.toutiao.com/c/user/1908901200/
2017-05-15 17:48:42 [ pool-1-thread-1:92822 ] - [ INFO ] downloading page http://www.toutiao.com/c/user/6222424075/
2017-05-15 17:48:45 [ pool-1-thread-2:96604 ] - [ INFO ] downloading page http://www.toutiao.com/c/user/3180167751/
2017-05-15 17:48:47 [ pool-1-thread-1:98600 ] - [ INFO ] downloading page http://www.toutiao.com/c/user/2747906713/
2017-05-15 17:48:52 [ pool-1-thread-2:102886 ] - [ INFO ] downloading page http://www.toutiao.com/c/user/6642488499/
2017-05-15 17:48:53 [ pool-1-thread-1:103840 ] - [ INFO ] downloading page http://www.toutiao.com/c/user/2867192604/
2017-05-15 17:48:59 [ pool-1-thread-2:110154 ] - [ INFO ] downloading page http://www.toutiao.com/c/user/2404056341/
2017-05-15 17:49:00 [ pool-1-thread-1:110851 ] - [ INFO ] downloading page http://www.toutiao.com/c/user/11732162814/
2017-05-15 17:49:04 [ pool-1-thread-2:115342 ] - [ INFO ] downloading page http://www.toutiao.com/c/user/6670095193/
2017-05-15 17:49:05 [ pool-1-thread-1:116516 ] - [ INFO ] downloading page http://www.toutiao.com/c/user/58046951084/
2017-05-15 17:49:10 [ pool-1-thread-1:121108 ] - [ INFO ] downloading page http://www.toutiao.com/c/user/5863715452/
2017-05-15 17:49:11 [ pool-1-thread-2:122036 ] - [ INFO ] downloading page http://www.toutiao.com/c/user/4365337622/
2017-05-15 17:49:14 [ pool-1-thread-1:125551 ] - [ INFO ] downloading page http://www.toutiao.com/c/user/4277235807/
2017-05-15 17:49:17 [ pool-1-thread-2:128629 ] - [ INFO ] downloading page http://www.toutiao.com/c/user/4682368591/
2017-05-15 17:49:22 [ pool-1-thread-1:132683 ] - [ INFO ] downloading page http://www.toutiao.com/c/user/53590060981/
2017-05-15 17:49:22 [ pool-1-thread-2:133435 ] - [ INFO ] downloading page http://www.toutiao.com/c/user/5731011350/
2017-05-15 17:49:28 [ pool-1-thread-1:139270 ] - [ INFO ] downloading page http://www.toutiao.com/c/user/3900770381/
2017-05-15 17:49:31 [ pool-1-thread-2:141742 ] - [ INFO ] downloading page http://www.toutiao.com/c/user/5948546858/
2017-05-15 17:49:34 [ pool-1-thread-1:145168 ] - [ INFO ] downloading page http://www.toutiao.com/c/user/57807998685/
2017-05-15 17:49:38 [ pool-1-thread-2:149065 ] - [ INFO ] downloading page http://www.toutiao.com/c/user/60017609210/
2017-05-15 17:49:40 [ pool-1-thread-1:150747 ] - [ INFO ] downloading page http://www.toutiao.com/c/user/50449070887/
