2017-05-25 09:21:42 [ pool-1-thread-1:12972 ] - [ ERROR ] Data truncation: Data too long for column 'content' at row 1 Query: INSERT INTO data_autohome_reply_20170525(`title`,`content`,`author`,`authorurl`,`createTime`) VALUES(?,?,?,?,?) Parameters: [14款1.4自舒。交个小小改装作业。, 玩改装车真的不比吸毒便宜多少。身患改装车毒瘾的朋友，车子好看又怎样？04快又如何？还不是一个虚名？改装的再好又不能当饭吃。改装终归是改装，以后娶老婆你能对丈母娘说你的车能跑300km/h吗，避震，涡轮，进气，排气，秒天秒地秒空气，一天到晚下赛道又如何？老大不小了该懂事了，改装你总有一天要放弃。... ...不如把改装件给我，我专收这些没意义的东西，高价回收改装件4元一斤，卖的请留言。, 嘟嘟哒蹦, http://i.autohome.com.cn/32902008/home.html, 2017-3-22 20:34:45]
2017-05-25 09:21:45 [ pool-1-thread-1:16076 ] - [ ERROR ] Data truncation: Data too long for column 'content' at row 1 Query: INSERT INTO data_autohome_reply_20170525(`title`,`content`,`author`,`authorurl`,`createTime`) VALUES(?,?,?,?,?) Parameters: [圆梦GTI梦--选择骚红色MK7 GTI--之提车篇, 给我一个这个价格不买ATSL的理由还是有的。主要是情怀，大众最好的车就是GTI了 买迈腾 帕萨特CC 。。。。。途观都后悔的一逼一杨，主要买了这些车感觉每天就是吃白水煮白菜一样，怼妹子的激情都淡漠了。ATSL主要是后驱。但是这个车灵活  变速箱很好。主管体验的加速感受比ATSL快。单弯道估计还是ATSL给力, 外运十六楼, http://i.autohome.com.cn/5456079/home.html, 2017-5-23 23:22:57]
2017-05-25 09:22:49 [ pool-1-thread-1:80484 ] - [ ERROR ] Data truncation: Data too long for column 'content' at row 1 Query: INSERT INTO data_autohome_reply_20170525(`title`,`content`,`author`,`authorurl`,`createTime`) VALUES(?,?,?,?,?) Parameters: [POLO刷隐藏, 低配车能刷以下功能：1, 行车电脑 ： （水温，平均车速，平均油耗，瞬时油耗，数字码表，行驶时间， 行驶里程，行驶距离 ，车速报警，车外温度，） 刷行车电脑包含以上功能 必须加行车电脑开关才能实现以上功能。2，锁车喇叭 ： （遥控锁车短促鸣喇叭）3，防盗喇叭 （锁车后砸玻璃从里扣开门，喇叭报警）4，可加注燃量： （仪表数字显示还能加多少升油）5，运动仪表： （拧开钥匙转一圈回位）6，转向灯三转五：（轻触转向灯，原车闪三下改成五下） 可租5053，支持远程刷机，需要加行车电脑开关配件，需要了解搜x宝“强厉电子”, yjihxk420, http://i.autohome.com.cn/31382043/home.html, 2017-5-16 21:12:04]
2017-05-25 09:23:23 [ pool-1-thread-1:114270 ] - [ ERROR ] process request Request{url='http://club.autohome.com.cn/bbs/forum-c-145-7.html', method='null', extras={statusCode=200}, priority=0} error
java.lang.NumberFormatException: null
	at java.lang.Integer.parseInt(Integer.java:542)
	at java.lang.Integer.parseInt(Integer.java:615)
	at business.autohome.AutohomeProcessor.pushList(AutohomeProcessor.java:75)
	at business.autohome.AutohomeProcessor.process(AutohomeProcessor.java:48)
	at us.codecraft.webmagic.Spider.processRequest(Spider.java:416)
	at us.codecraft.webmagic.Spider$1.run(Spider.java:321)
	at us.codecraft.webmagic.thread.CountableThreadPool$1.run(CountableThreadPool.java:74)
	at java.util.concurrent.ThreadPoolExecutor.runWorker(ThreadPoolExecutor.java:1142)
	at java.util.concurrent.ThreadPoolExecutor$Worker.run(ThreadPoolExecutor.java:617)
	at java.lang.Thread.run(Thread.java:745)
2017-05-25 09:23:23 [ pool-1-thread-2:114354 ] - [ ERROR ] process request Request{url='http://club.autohome.com.cn/bbs/forum-c-145-8.html', method='null', extras={statusCode=200}, priority=0} error
java.lang.NumberFormatException: null
	at java.lang.Integer.parseInt(Integer.java:542)
	at java.lang.Integer.parseInt(Integer.java:615)
	at business.autohome.AutohomeProcessor.pushList(AutohomeProcessor.java:75)
	at business.autohome.AutohomeProcessor.process(AutohomeProcessor.java:48)
	at us.codecraft.webmagic.Spider.processRequest(Spider.java:416)
	at us.codecraft.webmagic.Spider$1.run(Spider.java:321)
	at us.codecraft.webmagic.thread.CountableThreadPool$1.run(CountableThreadPool.java:74)
	at java.util.concurrent.ThreadPoolExecutor.runWorker(ThreadPoolExecutor.java:1142)
	at java.util.concurrent.ThreadPoolExecutor$Worker.run(ThreadPoolExecutor.java:617)
	at java.lang.Thread.run(Thread.java:745)
2017-05-25 09:23:23 [ pool-1-thread-1:114365 ] - [ ERROR ] process request Request{url='http://club.autohome.com.cn/bbs/forum-c-145-9.html', method='null', extras={statusCode=200}, priority=0} error
java.lang.NumberFormatException: null
	at java.lang.Integer.parseInt(Integer.java:542)
	at java.lang.Integer.parseInt(Integer.java:615)
	at business.autohome.AutohomeProcessor.pushList(AutohomeProcessor.java:75)
	at business.autohome.AutohomeProcessor.process(AutohomeProcessor.java:48)
	at us.codecraft.webmagic.Spider.processRequest(Spider.java:416)
	at us.codecraft.webmagic.Spider$1.run(Spider.java:321)
	at us.codecraft.webmagic.thread.CountableThreadPool$1.run(CountableThreadPool.java:74)
	at java.util.concurrent.ThreadPoolExecutor.runWorker(ThreadPoolExecutor.java:1142)
	at java.util.concurrent.ThreadPoolExecutor$Worker.run(ThreadPoolExecutor.java:617)
	at java.lang.Thread.run(Thread.java:745)
2017-05-25 09:23:23 [ pool-1-thread-2:114445 ] - [ ERROR ] process request Request{url='http://club.autohome.com.cn/bbs/forum-c-145-10.html', method='null', extras={statusCode=200}, priority=0} error
java.lang.NumberFormatException: null
	at java.lang.Integer.parseInt(Integer.java:542)
	at java.lang.Integer.parseInt(Integer.java:615)
	at business.autohome.AutohomeProcessor.pushList(AutohomeProcessor.java:75)
	at business.autohome.AutohomeProcessor.process(AutohomeProcessor.java:48)
	at us.codecraft.webmagic.Spider.processRequest(Spider.java:416)
	at us.codecraft.webmagic.Spider$1.run(Spider.java:321)
	at us.codecraft.webmagic.thread.CountableThreadPool$1.run(CountableThreadPool.java:74)
	at java.util.concurrent.ThreadPoolExecutor.runWorker(ThreadPoolExecutor.java:1142)
	at java.util.concurrent.ThreadPoolExecutor$Worker.run(ThreadPoolExecutor.java:617)
	at java.lang.Thread.run(Thread.java:745)
